.\Debug\Project.pdb
D:\RA221-2015\vezba 4 - Enkripcija\projekat\pcap-project\project\.\Debug\Project.exe
D:\RA221-2015\vezba 4 - Enkripcija\projekat\pcap-project\project\.\Debug\Project.exe.intermediate.manifest
D:\RA221-2015\vezba 4 - Enkripcija\projekat\pcap-project\project\Debug\cl.command.1.tlog
D:\RA221-2015\vezba 4 - Enkripcija\projekat\pcap-project\project\Debug\CL.read.1.tlog
D:\RA221-2015\vezba 4 - Enkripcija\projekat\pcap-project\project\Debug\CL.write.1.tlog
D:\RA221-2015\VEZBA 4 - ENKRIPCIJA\PROJEKAT\PCAP-PROJECT\PROJECT\DEBUG\ENCRYPTION.OBJ
D:\RA221-2015\vezba 4 - Enkripcija\projekat\pcap-project\project\Debug\link.command.1.tlog
D:\RA221-2015\vezba 4 - Enkripcija\projekat\pcap-project\project\Debug\link.read.1.tlog
D:\RA221-2015\vezba 4 - Enkripcija\projekat\pcap-project\project\Debug\link.write.1.tlog
D:\RA221-2015\vezba 4 - Enkripcija\projekat\pcap-project\project\Debug\mt.command.1.tlog
D:\RA221-2015\vezba 4 - Enkripcija\projekat\pcap-project\project\Debug\mt.read.1.tlog
D:\RA221-2015\vezba 4 - Enkripcija\projekat\pcap-project\project\Debug\mt.write.1.tlog
D:\RA221-2015\VEZBA 4 - ENKRIPCIJA\PROJEKAT\PCAP-PROJECT\PROJECT\DEBUG\PROJECT.EXE
D:\RA221-2015\VEZBA 4 - ENKRIPCIJA\PROJEKAT\PCAP-PROJECT\PROJECT\DEBUG\PROJECT.EXE.INTERMEDIATE.MANIFEST
D:\RA221-2015\VEZBA 4 - ENKRIPCIJA\PROJEKAT\PCAP-PROJECT\PROJECT\DEBUG\PROJECT.PDB
D:\RA221-2015\vezba 4 - Enkripcija\projekat\pcap-project\project\Debug\Project.vcxprojResolveAssemblyReference.cache
D:\RA221-2015\vezba 4 - Enkripcija\projekat\pcap-project\project\Debug\Project.write.1.tlog
D:\RA221-2015\vezba 4 - Enkripcija\projekat\pcap-project\project\Debug\vc100.idb
D:\RA221-2015\VEZBA 4 - ENKRIPCIJA\PROJEKAT\PCAP-PROJECT\PROJECT\DEBUG\VC100.PDB
